This file contains any messages produced by compilers while
running configure, to aid debugging if configure makes a mistake.

It was created by tango-icon-theme configure 0.8.90, which was
generated by GNU Autoconf 2.61.  Invocation command line was

  $ ./configure 

## --------- ##
## Platform. ##
## --------- ##

hostname = horatio
uname -m = x86_64
uname -r = 3.0.0-16-generic
uname -s = Linux
uname -v = #29-Ubuntu SMP Tue Feb 14 12:48:51 UTC 2012

/usr/bin/uname -p = unknown
/bin/uname -X     = unknown

/bin/arch              = unknown
/usr/bin/arch -k       = unknown
/usr/convex/getsysinfo = unknown
/usr/bin/hostinfo      = unknown
/bin/machine           = unknown
/usr/bin/oslevel       = unknown
/bin/universe          = unknown

PATH: /opt/jdk1.7.0_01/bin
PATH: /opt/jdk1.7.0_01/jre/bin
PATH: /opt/qtsdk-1.1.2/bin
PATH: /opt/qtsdk-1.1.2/qt/bin
PATH: /opt/qtsdk-1.1.2/QtCreator/bin
PATH: /usr/lib/lightdm/lightdm
PATH: /usr/local/sbin
PATH: /usr/local/bin
PATH: /usr/sbin
PATH: /usr/bin
PATH: /sbin
PATH: /bin
PATH: /usr/games
PATH: /home/er/scripts


## ----------- ##
## Core tests. ##
## ----------- ##

configure:1830: checking for a BSD-compatible install
configure:1886: result: /usr/bin/install -c
configure:1897: checking whether build environment is sane
configure:1940: result: yes
configure:1968: checking for a thread-safe mkdir -p
configure:2007: result: /bin/mkdir -p
configure:2020: checking for gawk
configure:2036: found /usr/bin/gawk
configure:2047: result: gawk
configure:2058: checking whether make sets $(MAKE)
configure:2079: result: yes
configure:2262: checking how to create a ustar tar archive
configure:2275: tar --version
tar (GNU tar) 1.25
Copyright (C) 2010 Free Software Foundation, Inc.
License GPLv3+: GNU GPL version 3 or later <http://gnu.org/licenses/gpl.html>.
This is free software: you are free to change and redistribute it.
There is NO WARRANTY, to the extent permitted by law.

Written by John Gilmore and Jay Fenlason.
configure:2278: $? = 0
configure:2318: tardir=conftest.dir && eval tar --format=ustar -chf - "$tardir" >conftest.tar
configure:2321: $? = 0
configure:2325: tar -xf - <conftest.tar
configure:2328: $? = 0
configure:2341: result: gnutar
configure:2350: checking whether NLS is requested
configure:2359: result: yes
configure:2375: checking for style of include used by make
configure:2403: result: GNU
configure:2473: checking for gcc
configure:2489: found /usr/bin/gcc
configure:2500: result: gcc
configure:2738: checking for C compiler version
configure:2745: gcc --version >&5
gcc (Ubuntu/Linaro 4.6.1-9ubuntu3) 4.6.1
Copyright (C) 2011 Free Software Foundation, Inc.
This is free software; see the source for copying conditions.  There is NO
warranty; not even for MERCHANTABILITY or FITNESS FOR A PARTICULAR PURPOSE.

configure:2748: $? = 0
configure:2755: gcc -v >&5
Using built-in specs.
COLLECT_GCC=gcc
COLLECT_LTO_WRAPPER=/usr/lib/gcc/x86_64-linux-gnu/4.6.1/lto-wrapper
Target: x86_64-linux-gnu
Configured with: ../src/configure -v --with-pkgversion='Ubuntu/Linaro 4.6.1-9ubuntu3' --with-bugurl=file:///usr/share/doc/gcc-4.6/README.Bugs --enable-languages=c,c++,fortran,objc,obj-c++,go --prefix=/usr --program-suffix=-4.6 --enable-shared --enable-linker-build-id --with-system-zlib --libexecdir=/usr/lib --without-included-gettext --enable-threads=posix --with-gxx-include-dir=/usr/include/c++/4.6 --libdir=/usr/lib --enable-nls --with-sysroot=/ --enable-clocale=gnu --enable-libstdcxx-debug --enable-libstdcxx-time=yes --enable-plugin --enable-objc-gc --disable-werror --with-arch-32=i686 --with-tune=generic --enable-checking=release --build=x86_64-linux-gnu --host=x86_64-linux-gnu --target=x86_64-linux-gnu
Thread model: posix
gcc version 4.6.1 (Ubuntu/Linaro 4.6.1-9ubuntu3) 
configure:2758: $? = 0
configure:2765: gcc -V >&5
gcc: error: unrecognized option '-V'
gcc: fatal error: no input files
compilation terminated.
configure:2768: $? = 4
configure:2791: checking for C compiler default output file name
configure:2818: gcc    conftest.c  >&5
configure:2821: $? = 0
configure:2859: result: a.out
configure:2876: checking whether the C compiler works
configure:2886: ./a.out
configure:2889: $? = 0
configure:2906: result: yes
configure:2913: checking whether we are cross compiling
configure:2915: result: no
configure:2918: checking for suffix of executables
configure:2925: gcc -o conftest    conftest.c  >&5
configure:2928: $? = 0
configure:2952: result: 
configure:2958: checking for suffix of object files
configure:2984: gcc -c   conftest.c >&5
configure:2987: $? = 0
configure:3010: result: o
configure:3014: checking whether we are using the GNU C compiler
configure:3043: gcc -c   conftest.c >&5
configure:3049: $? = 0
configure:3066: result: yes
configure:3071: checking whether gcc accepts -g
configure:3101: gcc -c -g  conftest.c >&5
configure:3107: $? = 0
configure:3206: result: yes
configure:3223: checking for gcc option to accept ISO C89
configure:3297: gcc  -c -g -O2  conftest.c >&5
configure:3303: $? = 0
configure:3326: result: none needed
configure:3346: checking dependency style of gcc
configure:3437: result: none
configure:3466: checking for intltool >= 0.33
configure:3473: result: 0.41.1 found
configure:3483: checking for intltool-update
configure:3501: found /usr/bin/intltool-update
configure:3513: result: /usr/bin/intltool-update
configure:3523: checking for intltool-merge
configure:3541: found /usr/bin/intltool-merge
configure:3553: result: /usr/bin/intltool-merge
configure:3563: checking for intltool-extract
configure:3581: found /usr/bin/intltool-extract
configure:3593: result: /usr/bin/intltool-extract
configure:3726: checking for xgettext
configure:3744: found /usr/bin/xgettext
configure:3756: result: /usr/bin/xgettext
configure:3766: checking for msgmerge
configure:3784: found /usr/bin/msgmerge
configure:3796: result: /usr/bin/msgmerge
configure:3806: checking for msgfmt
configure:3824: found /usr/bin/msgfmt
configure:3836: result: /usr/bin/msgfmt
configure:3846: checking for gmsgfmt
configure:3877: result: /usr/bin/msgfmt
configure:3901: checking for perl
configure:3919: found /usr/bin/perl
configure:3931: result: /usr/bin/perl
configure:3944: checking for perl >= 5.8.1
configure:3953: result: 5.12.4
configure:3957: checking for XML::Parser
configure:3960: result: ok
configure:3997: gcc -o conftest -g -O2   conftest.c  >&5
configure:4003: $? = 0
configure:4167: checking for pkg-config
configure:4185: found /usr/bin/pkg-config
configure:4197: result: /usr/bin/pkg-config
configure:4226: checking pkg-config is at least version 0.19
configure:4229: result: yes
configure:4248: checking how to run the C preprocessor
configure:4288: gcc -E  conftest.c
configure:4294: $? = 0
configure:4325: gcc -E  conftest.c
conftest.c:10:28: fatal error: ac_nonexistent.h: No such file or directory
compilation terminated.
configure:4331: $? = 1
configure: failed program was:
| /* confdefs.h.  */
| #define PACKAGE_NAME "tango-icon-theme"
| #define PACKAGE_TARNAME "tango-icon-theme"
| #define PACKAGE_VERSION "0.8.90"
| #define PACKAGE_STRING "tango-icon-theme 0.8.90"
| #define PACKAGE_BUGREPORT ""
| #define PACKAGE "tango-icon-theme"
| #define VERSION "0.8.90"
| /* end confdefs.h.  */
| #include <ac_nonexistent.h>
configure:4364: result: gcc -E
configure:4393: gcc -E  conftest.c
configure:4399: $? = 0
configure:4430: gcc -E  conftest.c
conftest.c:10:28: fatal error: ac_nonexistent.h: No such file or directory
compilation terminated.
configure:4436: $? = 1
configure: failed program was:
| /* confdefs.h.  */
| #define PACKAGE_NAME "tango-icon-theme"
| #define PACKAGE_TARNAME "tango-icon-theme"
| #define PACKAGE_VERSION "0.8.90"
| #define PACKAGE_STRING "tango-icon-theme 0.8.90"
| #define PACKAGE_BUGREPORT ""
| #define PACKAGE "tango-icon-theme"
| #define VERSION "0.8.90"
| /* end confdefs.h.  */
| #include <ac_nonexistent.h>
configure:4474: checking for grep that handles long lines and -e
configure:4548: result: /bin/grep
configure:4553: checking for egrep
configure:4631: result: /bin/grep -E
configure:4636: checking for ANSI C header files
configure:4666: gcc -c -g -O2  conftest.c >&5
configure:4672: $? = 0
configure:4771: gcc -o conftest -g -O2   conftest.c  >&5
configure:4774: $? = 0
configure:4780: ./conftest
configure:4783: $? = 0
configure:4800: result: yes
configure:4824: checking for sys/types.h
configure:4845: gcc -c -g -O2  conftest.c >&5
configure:4851: $? = 0
configure:4867: result: yes
configure:4824: checking for sys/stat.h
configure:4845: gcc -c -g -O2  conftest.c >&5
configure:4851: $? = 0
configure:4867: result: yes
configure:4824: checking for stdlib.h
configure:4845: gcc -c -g -O2  conftest.c >&5
configure:4851: $? = 0
configure:4867: result: yes
configure:4824: checking for string.h
configure:4845: gcc -c -g -O2  conftest.c >&5
configure:4851: $? = 0
configure:4867: result: yes
configure:4824: checking for memory.h
configure:4845: gcc -c -g -O2  conftest.c >&5
configure:4851: $? = 0
configure:4867: result: yes
configure:4824: checking for strings.h
configure:4845: gcc -c -g -O2  conftest.c >&5
configure:4851: $? = 0
configure:4867: result: yes
configure:4824: checking for inttypes.h
configure:4845: gcc -c -g -O2  conftest.c >&5
configure:4851: $? = 0
configure:4867: result: yes
configure:4824: checking for stdint.h
configure:4845: gcc -c -g -O2  conftest.c >&5
configure:4851: $? = 0
configure:4867: result: yes
configure:4824: checking for unistd.h
configure:4845: gcc -c -g -O2  conftest.c >&5
configure:4851: $? = 0
configure:4867: result: yes
configure:4895: checking locale.h usability
configure:4912: gcc -c -g -O2  conftest.c >&5
configure:4918: $? = 0
configure:4932: result: yes
configure:4936: checking locale.h presence
configure:4951: gcc -E  conftest.c
configure:4957: $? = 0
configure:4971: result: yes
configure:4999: checking for locale.h
configure:5007: result: yes
configure:5021: checking for LC_MESSAGES
configure:5047: gcc -o conftest -g -O2   conftest.c  >&5
configure:5053: $? = 0
configure:5070: result: yes
configure:5099: checking libintl.h usability
configure:5116: gcc -c -g -O2  conftest.c >&5
configure:5122: $? = 0
configure:5136: result: yes
configure:5140: checking libintl.h presence
configure:5155: gcc -E  conftest.c
configure:5161: $? = 0
configure:5175: result: yes
configure:5203: checking for libintl.h
configure:5210: result: yes
configure:5221: checking for ngettext in libc
configure:5249: gcc -o conftest -g -O2   conftest.c  >&5
configure:5255: $? = 0
configure:5273: result: yes
configure:5277: checking for dgettext in libc
configure:5305: gcc -o conftest -g -O2   conftest.c  >&5
configure:5311: $? = 0
configure:5329: result: yes
configure:5338: checking for bind_textdomain_codeset
configure:5394: gcc -o conftest -g -O2   conftest.c  >&5
configure:5400: $? = 0
configure:5418: result: yes
configure:5905: checking for msgfmt
configure:5932: result: /usr/bin/msgfmt
configure:5945: checking for dcgettext
configure:6001: gcc -o conftest -g -O2   conftest.c   >&5
conftest.c:47:6: warning: conflicting types for built-in function 'dcgettext' [enabled by default]
configure:6007: $? = 0
configure:6025: result: yes
configure:6036: checking if msgfmt accepts -c
configure:6051: $MSGFMT -c -o /dev/null conftest.foo
configure:6054: $? = 0
configure:6056: result: yes
configure:6066: checking for gmsgfmt
configure:6097: result: /usr/bin/msgfmt
configure:6107: checking for xgettext
configure:6134: result: /usr/bin/xgettext
configure:6163: gcc -o conftest -g -O2   conftest.c   >&5
configure:6169: $? = 0
configure:6411: checking icon-naming-utils >= 0.8.90
configure:6414: $PKG_CONFIG --exists --print-errors "icon-naming-utils >= $UTILS_REQUIRED"
configure:6417: $? = 0
configure:6427: result: yes
configure:6458: $PKG_CONFIG --exists --print-errors "ImageMagick >= 5.5.7"
Package ImageMagick was not found in the pkg-config search path.
Perhaps you should add the directory containing `ImageMagick.pc'
to the PKG_CONFIG_PATH environment variable
No package 'ImageMagick' found
configure:6461: $? = 1
configure:6466: $PKG_CONFIG --exists --print-errors "GraphicsMagick >= 1.1"
Package GraphicsMagick was not found in the pkg-config search path.
Perhaps you should add the directory containing `GraphicsMagick.pc'
to the PKG_CONFIG_PATH environment variable
No package 'GraphicsMagick' found
configure:6469: $? = 1
configure:6527: error: ImageMagick is required to build tango-icon-theme

## ---------------- ##
## Cache variables. ##
## ---------------- ##

ac_cv_c_compiler_gnu=yes
ac_cv_env_CC_set=
ac_cv_env_CC_value=
ac_cv_env_CFLAGS_set=
ac_cv_env_CFLAGS_value=
ac_cv_env_CPPFLAGS_set=
ac_cv_env_CPPFLAGS_value=
ac_cv_env_CPP_set=
ac_cv_env_CPP_value=
ac_cv_env_LDFLAGS_set=
ac_cv_env_LDFLAGS_value=
ac_cv_env_LIBS_set=
ac_cv_env_LIBS_value=
ac_cv_env_PKG_CONFIG_set=
ac_cv_env_PKG_CONFIG_value=
ac_cv_env_build_alias_set=
ac_cv_env_build_alias_value=
ac_cv_env_host_alias_set=
ac_cv_env_host_alias_value=
ac_cv_env_target_alias_set=
ac_cv_env_target_alias_value=
ac_cv_func_bind_textdomain_codeset=yes
ac_cv_func_dcgettext=yes
ac_cv_header_inttypes_h=yes
ac_cv_header_libintl_h=yes
ac_cv_header_locale_h=yes
ac_cv_header_memory_h=yes
ac_cv_header_stdc=yes
ac_cv_header_stdint_h=yes
ac_cv_header_stdlib_h=yes
ac_cv_header_string_h=yes
ac_cv_header_strings_h=yes
ac_cv_header_sys_stat_h=yes
ac_cv_header_sys_types_h=yes
ac_cv_header_unistd_h=yes
ac_cv_objext=o
ac_cv_path_EGREP='/bin/grep -E'
ac_cv_path_GMSGFMT=/usr/bin/msgfmt
ac_cv_path_GREP=/bin/grep
ac_cv_path_INTLTOOL_EXTRACT=/usr/bin/intltool-extract
ac_cv_path_INTLTOOL_MERGE=/usr/bin/intltool-merge
ac_cv_path_INTLTOOL_PERL=/usr/bin/perl
ac_cv_path_INTLTOOL_UPDATE=/usr/bin/intltool-update
ac_cv_path_MSGFMT=/usr/bin/msgfmt
ac_cv_path_MSGMERGE=/usr/bin/msgmerge
ac_cv_path_XGETTEXT=/usr/bin/xgettext
ac_cv_path_ac_pt_PKG_CONFIG=/usr/bin/pkg-config
ac_cv_path_install='/usr/bin/install -c'
ac_cv_path_mkdir=/bin/mkdir
ac_cv_prog_AWK=gawk
ac_cv_prog_CPP='gcc -E'
ac_cv_prog_ac_ct_CC=gcc
ac_cv_prog_cc_c89=
ac_cv_prog_cc_g=yes
ac_cv_prog_make_make_set=yes
am_cv_CC_dependencies_compiler_type=none
am_cv_prog_tar_ustar=gnutar
am_cv_val_LC_MESSAGES=yes
gt_cv_func_dgettext_libc=yes
gt_cv_func_dgettext_libintl=no
gt_cv_func_ngettext_libc=yes
gt_cv_have_gettext=yes

## ----------------- ##
## Output variables. ##
## ----------------- ##

ACLOCAL='${SHELL} /home/er/stuff/prj/equagen/extlib/tango-icon-theme-0.8.90/missing --run aclocal-1.10'
ACLOCAL_AMFLAGS='${ACLOCAL_FLAGS}'
ALL_LINGUAS=''
AMDEPBACKSLASH='\'
AMDEP_FALSE='#'
AMDEP_TRUE=''
AMTAR='${SHELL} /home/er/stuff/prj/equagen/extlib/tango-icon-theme-0.8.90/missing --run tar'
AUTOCONF='${SHELL} /home/er/stuff/prj/equagen/extlib/tango-icon-theme-0.8.90/missing --run autoconf'
AUTOHEADER='${SHELL} /home/er/stuff/prj/equagen/extlib/tango-icon-theme-0.8.90/missing --run autoheader'
AUTOMAKE='${SHELL} /home/er/stuff/prj/equagen/extlib/tango-icon-theme-0.8.90/missing --run automake-1.10'
AWK='gawk'
CATALOGS=''
CATOBJEXT='.gmo'
CC='gcc'
CCDEPMODE='depmode=none'
CFLAGS='-g -O2'
CONVERT=''
CPP='gcc -E'
CPPFLAGS=''
CYGPATH_W='echo'
DATADIRNAME='share'
DEFS=''
DEPDIR='.deps'
ECHO_C=''
ECHO_N='-n'
ECHO_T=''
EGREP='/bin/grep -E'
ENABLE_ICON_FRAMING_FALSE='#'
ENABLE_ICON_FRAMING_TRUE=''
ENABLE_LARGE_BITMAPS_FALSE=''
ENABLE_LARGE_BITMAPS_TRUE=''
EXEEXT=''
GETTEXT_PACKAGE='tango-icon-theme'
GMOFILES=''
GMSGFMT='/usr/bin/msgfmt'
GREP='/bin/grep'
ICONMAP='/usr/lib/icon-naming-utils/icon-name-mapping'
INSTALL_DATA='${INSTALL} -m 644'
INSTALL_PROGRAM='${INSTALL}'
INSTALL_SCRIPT='${INSTALL}'
INSTALL_STRIP_PROGRAM='$(install_sh) -c -s'
INSTOBJEXT='.mo'
INTLLIBS=''
INTLTOOL_CAVES_RULE='%.caves:     %.caves.in     $(INTLTOOL_MERGE) $(wildcard $(top_srcdir)/po/*.po) ; LC_ALL=C $(INTLTOOL_MERGE) -d -u -c $(top_builddir)/po/.intltool-merge-cache $(top_srcdir)/po $< $@'
INTLTOOL_DESKTOP_RULE='%.desktop:   %.desktop.in   $(INTLTOOL_MERGE) $(wildcard $(top_srcdir)/po/*.po) ; LC_ALL=C $(INTLTOOL_MERGE) -d -u -c $(top_builddir)/po/.intltool-merge-cache $(top_srcdir)/po $< $@'
INTLTOOL_DIRECTORY_RULE='%.directory: %.directory.in $(INTLTOOL_MERGE) $(wildcard $(top_srcdir)/po/*.po) ; LC_ALL=C $(INTLTOOL_MERGE) -d -u -c $(top_builddir)/po/.intltool-merge-cache $(top_srcdir)/po $< $@'
INTLTOOL_EXTRACT='/usr/bin/intltool-extract'
INTLTOOL_KBD_RULE='%.kbd:       %.kbd.in       $(INTLTOOL_MERGE) $(wildcard $(top_srcdir)/po/*.po) ; LC_ALL=C $(INTLTOOL_MERGE) -x -u -m -c $(top_builddir)/po/.intltool-merge-cache $(top_srcdir)/po $< $@'
INTLTOOL_KEYS_RULE='%.keys:      %.keys.in      $(INTLTOOL_MERGE) $(wildcard $(top_srcdir)/po/*.po) ; LC_ALL=C $(INTLTOOL_MERGE) -k -u -c $(top_builddir)/po/.intltool-merge-cache $(top_srcdir)/po $< $@'
INTLTOOL_MERGE='/usr/bin/intltool-merge'
INTLTOOL_OAF_RULE='%.oaf:       %.oaf.in       $(INTLTOOL_MERGE) $(wildcard $(top_srcdir)/po/*.po) ; LC_ALL=C $(INTLTOOL_MERGE) -o -p $(top_srcdir)/po $< $@'
INTLTOOL_PERL='/usr/bin/perl'
INTLTOOL_POLICY_RULE='%.policy:    %.policy.in    $(INTLTOOL_MERGE) $(wildcard $(top_srcdir)/po/*.po) ; LC_ALL=C $(INTLTOOL_MERGE) -x -u -c $(top_builddir)/po/.intltool-merge-cache $(top_srcdir)/po $< $@'
INTLTOOL_PONG_RULE='%.pong:      %.pong.in      $(INTLTOOL_MERGE) $(wildcard $(top_srcdir)/po/*.po) ; LC_ALL=C $(INTLTOOL_MERGE) -x -u -c $(top_builddir)/po/.intltool-merge-cache $(top_srcdir)/po $< $@'
INTLTOOL_PROP_RULE='%.prop:      %.prop.in      $(INTLTOOL_MERGE) $(wildcard $(top_srcdir)/po/*.po) ; LC_ALL=C $(INTLTOOL_MERGE) -d -u -c $(top_builddir)/po/.intltool-merge-cache $(top_srcdir)/po $< $@'
INTLTOOL_SCHEMAS_RULE='%.schemas:   %.schemas.in   $(INTLTOOL_MERGE) $(wildcard $(top_srcdir)/po/*.po) ; LC_ALL=C $(INTLTOOL_MERGE) -s -u -c $(top_builddir)/po/.intltool-merge-cache $(top_srcdir)/po $< $@'
INTLTOOL_SERVER_RULE='%.server:    %.server.in    $(INTLTOOL_MERGE) $(wildcard $(top_srcdir)/po/*.po) ; LC_ALL=C $(INTLTOOL_MERGE) -o -u -c $(top_builddir)/po/.intltool-merge-cache $(top_srcdir)/po $< $@'
INTLTOOL_SERVICE_RULE='%.service: %.service.in   $(INTLTOOL_MERGE) $(wildcard $(top_srcdir)/po/*.po) ; LC_ALL=C $(INTLTOOL_MERGE) -d -u -c $(top_builddir)/po/.intltool-merge-cache $(top_srcdir)/po $< $@'
INTLTOOL_SHEET_RULE='%.sheet:     %.sheet.in     $(INTLTOOL_MERGE) $(wildcard $(top_srcdir)/po/*.po) ; LC_ALL=C $(INTLTOOL_MERGE) -x -u -c $(top_builddir)/po/.intltool-merge-cache $(top_srcdir)/po $< $@'
INTLTOOL_SOUNDLIST_RULE='%.soundlist: %.soundlist.in $(INTLTOOL_MERGE) $(wildcard $(top_srcdir)/po/*.po) ; LC_ALL=C $(INTLTOOL_MERGE) -d -u -c $(top_builddir)/po/.intltool-merge-cache $(top_srcdir)/po $< $@'
INTLTOOL_THEME_RULE='%.theme:     %.theme.in     $(INTLTOOL_MERGE) $(wildcard $(top_srcdir)/po/*.po) ; LC_ALL=C $(INTLTOOL_MERGE) -d -u -c $(top_builddir)/po/.intltool-merge-cache $(top_srcdir)/po $< $@'
INTLTOOL_UI_RULE='%.ui:        %.ui.in        $(INTLTOOL_MERGE) $(wildcard $(top_srcdir)/po/*.po) ; LC_ALL=C $(INTLTOOL_MERGE) -x -u -c $(top_builddir)/po/.intltool-merge-cache $(top_srcdir)/po $< $@'
INTLTOOL_UPDATE='/usr/bin/intltool-update'
INTLTOOL_XAM_RULE='%.xam:       %.xml.in       $(INTLTOOL_MERGE) $(wildcard $(top_srcdir)/po/*.po) ; LC_ALL=C $(INTLTOOL_MERGE) -x -u -c $(top_builddir)/po/.intltool-merge-cache $(top_srcdir)/po $< $@'
INTLTOOL_XML_NOMERGE_RULE='%.xml:       %.xml.in       $(INTLTOOL_MERGE) ; LC_ALL=C $(INTLTOOL_MERGE) -x -u /tmp $< $@'
INTLTOOL_XML_RULE='%.xml:       %.xml.in       $(INTLTOOL_MERGE) $(wildcard $(top_srcdir)/po/*.po) ; LC_ALL=C $(INTLTOOL_MERGE) -x -u -c $(top_builddir)/po/.intltool-merge-cache $(top_srcdir)/po $< $@'
LDFLAGS=''
LIBOBJS=''
LIBS=''
LTLIBOBJS=''
MAKEINFO='${SHELL} /home/er/stuff/prj/equagen/extlib/tango-icon-theme-0.8.90/missing --run makeinfo'
MKINSTALLDIRS='./mkinstalldirs'
MSGFMT='/usr/bin/msgfmt'
MSGFMT_OPTS='-c'
MSGMERGE='/usr/bin/msgmerge'
OBJEXT='o'
PACKAGE='tango-icon-theme'
PACKAGE_BUGREPORT=''
PACKAGE_NAME='tango-icon-theme'
PACKAGE_STRING='tango-icon-theme 0.8.90'
PACKAGE_TARNAME='tango-icon-theme'
PACKAGE_VERSION='0.8.90'
PATH_SEPARATOR=':'
PKG_CONFIG='/usr/bin/pkg-config'
POFILES=''
POSUB='po'
PO_IN_DATADIR_FALSE=''
PO_IN_DATADIR_TRUE=''
SET_MAKE=''
SHELL='/bin/bash'
STRIP=''
SVGCONVERT=''
USE_NLS='yes'
VERSION='0.8.90'
XGETTEXT='/usr/bin/xgettext'
ac_ct_CC='gcc'
am__fastdepCC_FALSE=''
am__fastdepCC_TRUE='#'
am__include='include'
am__isrc=''
am__leading_dot='.'
am__quote=''
am__tar='tar --format=ustar -chf - "$$tardir"'
am__untar='tar -xf -'
bindir='${exec_prefix}/bin'
build_alias=''
datadir='${datarootdir}'
datarootdir='${prefix}/share'
docdir='${datarootdir}/doc/${PACKAGE_TARNAME}'
dvidir='${docdir}'
exec_prefix='NONE'
host_alias=''
htmldir='${docdir}'
includedir='${prefix}/include'
infodir='${datarootdir}/info'
install_sh='$(SHELL) /home/er/stuff/prj/equagen/extlib/tango-icon-theme-0.8.90/install-sh'
libdir='${exec_prefix}/lib'
libexecdir='${exec_prefix}/libexec'
localedir='${prefix}/${DATADIRNAME}/locale'
localstatedir='${prefix}/var'
mandir='${datarootdir}/man'
mkdir_p='/bin/mkdir -p'
oldincludedir='/usr/include'
pdfdir='${docdir}'
prefix='NONE'
program_transform_name='s,x,x,'
psdir='${docdir}'
sbindir='${exec_prefix}/sbin'
sharedstatedir='${prefix}/com'
sysconfdir='${prefix}/etc'
target_alias=''
themedir='${datadir}/icons/Tango'

## ----------- ##
## confdefs.h. ##
## ----------- ##

#define PACKAGE_NAME "tango-icon-theme"
#define PACKAGE_TARNAME "tango-icon-theme"
#define PACKAGE_VERSION "0.8.90"
#define PACKAGE_STRING "tango-icon-theme 0.8.90"
#define PACKAGE_BUGREPORT ""
#define PACKAGE "tango-icon-theme"
#define VERSION "0.8.90"
#define STDC_HEADERS 1
#define HAVE_SYS_TYPES_H 1
#define HAVE_SYS_STAT_H 1
#define HAVE_STDLIB_H 1
#define HAVE_STRING_H 1
#define HAVE_MEMORY_H 1
#define HAVE_STRINGS_H 1
#define HAVE_INTTYPES_H 1
#define HAVE_STDINT_H 1
#define HAVE_UNISTD_H 1
#define HAVE_LOCALE_H 1
#define HAVE_LC_MESSAGES 1
#define HAVE_BIND_TEXTDOMAIN_CODESET 1
#define HAVE_GETTEXT 1
#define HAVE_DCGETTEXT 1
#define ENABLE_NLS 1

configure: exit 1
